c:\users\user\documents\c++\buoi2_2123110299_tranmaunhan\baitap5\x64\debug\vc143.pdb
c:\users\user\documents\c++\buoi2_2123110299_tranmaunhan\baitap5\x64\debug\vc143.idb
c:\users\user\documents\c++\buoi2_2123110299_tranmaunhan\baitap5\x64\debug\ctc.obj
c:\users\user\documents\c++\buoi2_2123110299_tranmaunhan\baitap5\x64\debug\bt5.obj
c:\users\user\documents\c++\buoi2_2123110299_tranmaunhan\baitap5\x64\debug\caidat.obj
c:\users\user\documents\c++\buoi2_2123110299_tranmaunhan\baitap5\x64\debug\baitap5.ilk
c:\users\user\documents\c++\buoi2_2123110299_tranmaunhan\x64\debug\baitap5.pdb
c:\users\user\documents\c++\buoi2_2123110299_tranmaunhan\baitap5\x64\debug\baitap5.tlog\cl.command.1.tlog
c:\users\user\documents\c++\buoi2_2123110299_tranmaunhan\baitap5\x64\debug\baitap5.tlog\cl.items.tlog
c:\users\user\documents\c++\buoi2_2123110299_tranmaunhan\baitap5\x64\debug\baitap5.tlog\cl.read.1.tlog
c:\users\user\documents\c++\buoi2_2123110299_tranmaunhan\baitap5\x64\debug\baitap5.tlog\cl.write.1.tlog
c:\users\user\documents\c++\buoi2_2123110299_tranmaunhan\baitap5\x64\debug\baitap5.tlog\link.19688-cvtres.read.1.tlog
c:\users\user\documents\c++\buoi2_2123110299_tranmaunhan\baitap5\x64\debug\baitap5.tlog\link.19688-cvtres.write.1.tlog
c:\users\user\documents\c++\buoi2_2123110299_tranmaunhan\baitap5\x64\debug\baitap5.tlog\link.19688-rc.read.1.tlog
c:\users\user\documents\c++\buoi2_2123110299_tranmaunhan\baitap5\x64\debug\baitap5.tlog\link.19688-rc.write.1.tlog
c:\users\user\documents\c++\buoi2_2123110299_tranmaunhan\baitap5\x64\debug\baitap5.tlog\link.19688.read.1.tlog
c:\users\user\documents\c++\buoi2_2123110299_tranmaunhan\baitap5\x64\debug\baitap5.tlog\link.19688.read.2.tlog
c:\users\user\documents\c++\buoi2_2123110299_tranmaunhan\baitap5\x64\debug\baitap5.tlog\link.19688.write.1.tlog
c:\users\user\documents\c++\buoi2_2123110299_tranmaunhan\baitap5\x64\debug\baitap5.tlog\link.command.1.tlog
c:\users\user\documents\c++\buoi2_2123110299_tranmaunhan\baitap5\x64\debug\baitap5.tlog\link.read.1.tlog
c:\users\user\documents\c++\buoi2_2123110299_tranmaunhan\baitap5\x64\debug\baitap5.tlog\link.secondary.1.tlog
c:\users\user\documents\c++\buoi2_2123110299_tranmaunhan\baitap5\x64\debug\baitap5.tlog\link.write.1.tlog
